<?xml version="1.0" encoding="UTF-8"?>
<!-- Generated by org.testng.reporters.JUnitXMLReporter -->
<testsuite ignored="2" hostname="Mukeshs-MacBook-Air.local" failures="0" tests="1" name="Default test" time="8.573" errors="0" timestamp="2024-07-25T08:06:41 IST">
  <testcase classname="com.ots.testcases.SeleniumGridTest" name="remoteTestOnEdge" time="8.538"/>
  <testcase classname="com.ots.testcases.SeleniumGridTest" name="remoteTest" time="0.0">
    <ignored/>
  </testcase> <!-- remoteTest -->
  <testcase classname="com.ots.testcases.SeleniumGridTest" name="remoteTestOnChrome" time="0.0">
    <ignored/>
  </testcase> <!-- remoteTestOnChrome -->
</testsuite> <!-- Default test -->
