<?xml version="1.0" encoding="UTF-8"?>
<!-- Generated by org.testng.reporters.JUnitXMLReporter -->
<testsuite ignored="0" hostname="Mukeshs-MacBook-Air.local" failures="1" tests="2" name="Test" time="20.226" errors="0" timestamp="2024-07-08T08:39:14 IST">
  <testcase classname="com.ots.testcases.LoginTest" name="validLogin" time="5.309"/>
  <testcase classname="com.ots.testcases.LoginTest" name="verifyNewUserLink" time="0.429">
    <failure type="java.lang.AssertionError" message="link not present expected [false] but found [true]">
      <![CDATA[java.lang.AssertionError: link not present expected [false] but found [true]
at com.ots.testcases.LoginTest.verifyNewUserLink(LoginTest.java:29)
at java.base/java.util.ArrayList.forEach(ArrayList.java:1541)
... Removed 30 stack frames]]>
    </failure>
  </testcase> <!-- verifyNewUserLink -->
</testsuite> <!-- Test -->
