<?xml version="1.0" encoding="UTF-8"?>
<testng-results ignored="0" total="2" passed="2" failed="0" skipped="0">
  <reporter-output>
  </reporter-output>
  <suite started-at="2024-07-25T08:26:57 IST" name="Suite" finished-at="2024-07-25T08:27:09 IST" duration-ms="12095">
    <groups>
    </groups>
    <test started-at="2024-07-25T08:26:57 IST" name="Test" finished-at="2024-07-25T08:27:09 IST" duration-ms="12095">
      <class name="com.ots.testcases.LoginTest">
        <test-method is-config="true" signature="setup()[pri:0, instance:com.ots.testcases.LoginTest@59a008ba]" started-at="2024-07-25T08:26:57 IST" name="setup" finished-at="2024-07-25T08:27:00 IST" duration-ms="2761" status="PASS">
          <reporter-output>
          </reporter-output>
        </test-method> <!-- setup -->
        <test-method signature="validLogin(java.lang.String,java.lang.String)[pri:0, instance:com.ots.testcases.LoginTest@59a008ba]" started-at="2024-07-25T08:27:00 IST" name="validLogin" data-provider="loginTestData" finished-at="2024-07-25T08:27:05 IST" duration-ms="5055" status="PASS">
          <params>
            <param index="0">
              <value>
                <![CDATA[admin@email.com]]>
              </value>
            </param>
            <param index="1">
              <value>
                <![CDATA[admin@123]]>
              </value>
            </param>
          </params>
          <reporter-output>
          </reporter-output>
        </test-method> <!-- validLogin -->
        <test-method is-config="true" signature="tearDown()[pri:0, instance:com.ots.testcases.LoginTest@59a008ba]" started-at="2024-07-25T08:27:05 IST" name="tearDown" finished-at="2024-07-25T08:27:05 IST" duration-ms="261" status="PASS">
          <reporter-output>
          </reporter-output>
        </test-method> <!-- tearDown -->
        <test-method is-config="true" signature="setup()[pri:0, instance:com.ots.testcases.LoginTest@59a008ba]" started-at="2024-07-25T08:27:05 IST" name="setup" finished-at="2024-07-25T08:27:08 IST" duration-ms="2645" status="PASS">
          <reporter-output>
          </reporter-output>
        </test-method> <!-- setup -->
        <test-method signature="verifyNewUserLink()[pri:0, instance:com.ots.testcases.LoginTest@59a008ba]" started-at="2024-07-25T08:27:08 IST" name="verifyNewUserLink" finished-at="2024-07-25T08:27:08 IST" duration-ms="821" status="PASS">
          <reporter-output>
          </reporter-output>
        </test-method> <!-- verifyNewUserLink -->
        <test-method is-config="true" signature="tearDown()[pri:0, instance:com.ots.testcases.LoginTest@59a008ba]" started-at="2024-07-25T08:27:08 IST" name="tearDown" finished-at="2024-07-25T08:27:09 IST" duration-ms="236" status="PASS">
          <reporter-output>
          </reporter-output>
        </test-method> <!-- tearDown -->
      </class> <!-- com.ots.testcases.LoginTest -->
    </test> <!-- Test -->
  </suite> <!-- Suite -->
</testng-results>
