<?xml version="1.0" encoding="UTF-8"?>
<testsuite xmlns:xsi="http://www.w3.org/2001/XMLSchema-instance" xsi:noNamespaceSchemaLocation="https://maven.apache.org/surefire/maven-surefire-plugin/xsd/surefire-test-report.xsd" version="3.0.1" name="TestSuite" time="20.3" tests="2" errors="0" skipped="0" failures="0">
  <properties>
[...]
</properties>
  <testcase name="validLogin[admin@email.com, admin@123](1)" classname="com.ots.testcases.LoginTest" time="4.85">
    <system-out><![CDATA[Preparing Data From Excel
LOG:INFO - Loading Excel Workbook
LOG:INFO - Excel Workbook Completed
Test Data Prepared
LOG:INFO - Starting Browser - Running Before Method 
LOG:INFO - Loading  Config File
LOG:INFO - Config File Loaded
LOG:INFO - Loading  Config File
LOG:INFO - Config File Loaded
LOG:INFO - Starting https://freelance-learn-automation.vercel.app/login On Chrome
LOG:INFO - Loading  Config File
LOG:INFO - Config File Loaded
LOG:INFO - Loading  Config File
LOG:INFO - Config File Loaded
LOG:INFO - Loading  Config File
LOG:INFO - Config File Loaded
LOG:INFO - Loading  Config File
LOG:INFO - Config File Loaded
Driver value is ChromeDriver: chrome on windows (36c5e024c7e5c0021ced3a9f78e5d146)
LOG:INFO - Browser and Application up and running 
Starting Test
LOG:INFO - Loading  Config File
LOG:INFO - Config File Loaded
LOG:INFO - Loading  Config File
LOG:INFO - Config File Loaded
LOG:INFO - Loading  Config File
LOG:INFO - Config File Loaded
LOG:INFO - Loading  Config File
LOG:INFO - Config File Loaded
]]></system-out>
    <system-err><![CDATA[SLF4J: Failed to load class "org.slf4j.impl.StaticLoggerBinder".
SLF4J: Defaulting to no-operation (NOP) logger implementation
SLF4J: See http://www.slf4j.org/codes.html#StaticLoggerBinder for further details.
ERROR StatusLogger Log4j2 could not find a logging implementation. Please add log4j-core to the classpath. Using SimpleLogger to log to the console...
]]></system-err>
  </testcase>
  <testcase name="verifyNewUserLink" classname="com.ots.testcases.LoginTest" time="0.123">
    <system-out><![CDATA[LOG:INFO - Closing Browser - Running After Method
LOG:INFO - Session Closed
LOG:INFO - Starting Browser - Running Before Method 
LOG:INFO - Loading  Config File
LOG:INFO - Config File Loaded
LOG:INFO - Loading  Config File
LOG:INFO - Config File Loaded
LOG:INFO - Starting https://freelance-learn-automation.vercel.app/login On Chrome
LOG:INFO - Loading  Config File
LOG:INFO - Config File Loaded
LOG:INFO - Loading  Config File
LOG:INFO - Config File Loaded
LOG:INFO - Loading  Config File
LOG:INFO - Config File Loaded
LOG:INFO - Loading  Config File
LOG:INFO - Config File Loaded
Driver value is ChromeDriver: chrome on windows (1833779aeb07b9a486ea0b4eb3e9b4b8)
LOG:INFO - Browser and Application up and running 
Starting Test
LOG:INFO - Loading  Config File
LOG:INFO - Config File Loaded
LOG:INFO - Loading  Config File
LOG:INFO - Config File Loaded
]]></system-out>
  </testcase>
</testsuite>