<?xml version="1.0" encoding="UTF-8"?>
<testng-results ignored="0" total="1" passed="1" failed="0" skipped="0">
  <reporter-output>
  </reporter-output>
  <suite started-at="2024-07-25T08:06:27 IST" name="Default suite" finished-at="2024-07-25T08:06:36 IST" duration-ms="8573">
    <groups>
    </groups>
    <test started-at="2024-07-25T08:06:27 IST" name="Default test" finished-at="2024-07-25T08:06:36 IST" duration-ms="8573">
      <class name="com.ots.testcases.SeleniumGridTest">
        <test-method signature="remoteTestOnEdge()[pri:0, instance:com.ots.testcases.SeleniumGridTest@3b0fe47a]" started-at="2024-07-25T08:06:27 IST" name="remoteTestOnEdge" finished-at="2024-07-25T08:06:36 IST" duration-ms="8538" status="PASS">
          <reporter-output>
          </reporter-output>
        </test-method> <!-- remoteTestOnEdge -->
      </class> <!-- com.ots.testcases.SeleniumGridTest -->
    </test> <!-- Default test -->
  </suite> <!-- Default suite -->
</testng-results>
