<?xml version="1.0" encoding="UTF-8"?>
<testng-results ignored="0" total="2" passed="2" failed="0" skipped="0">
  <reporter-output>
  </reporter-output>
  <suite started-at="2024-07-18T22:35:35 EDT" name="Default suite" finished-at="2024-07-18T22:35:54 EDT" duration-ms="18802">
    <groups>
    </groups>
    <test started-at="2024-07-18T22:35:35 EDT" name="Default test" finished-at="2024-07-18T22:35:54 EDT" duration-ms="18802">
      <class name="com.ots.testcases.LoginTest">
        <test-method is-config="true" signature="setup()[pri:0, instance:com.ots.testcases.LoginTest@77fbd92c]" started-at="2024-07-18T22:35:37 EDT" name="setup" finished-at="2024-07-18T22:35:45 EDT" duration-ms="7718" status="PASS">
          <reporter-output>
          </reporter-output>
        </test-method> <!-- setup -->
        <test-method signature="validLogin(java.lang.String,java.lang.String)[pri:0, instance:com.ots.testcases.LoginTest@77fbd92c]" started-at="2024-07-18T22:35:45 EDT" name="validLogin" data-provider="loginTestData" finished-at="2024-07-18T22:35:49 EDT" duration-ms="4454" status="PASS">
          <params>
            <param index="0">
              <value>
                <![CDATA[admin@email.com]]>
              </value>
            </param>
            <param index="1">
              <value>
                <![CDATA[admin@123]]>
              </value>
            </param>
          </params>
          <reporter-output>
          </reporter-output>
        </test-method> <!-- validLogin -->
        <test-method is-config="true" signature="tearDown()[pri:0, instance:com.ots.testcases.LoginTest@77fbd92c]" started-at="2024-07-18T22:35:49 EDT" name="tearDown" finished-at="2024-07-18T22:35:49 EDT" duration-ms="436" status="PASS">
          <reporter-output>
          </reporter-output>
        </test-method> <!-- tearDown -->
        <test-method is-config="true" signature="setup()[pri:0, instance:com.ots.testcases.LoginTest@77fbd92c]" started-at="2024-07-18T22:35:49 EDT" name="setup" finished-at="2024-07-18T22:35:53 EDT" duration-ms="3553" status="PASS">
          <reporter-output>
          </reporter-output>
        </test-method> <!-- setup -->
        <test-method signature="verifyNewUserLink()[pri:0, instance:com.ots.testcases.LoginTest@77fbd92c]" started-at="2024-07-18T22:35:53 EDT" name="verifyNewUserLink" finished-at="2024-07-18T22:35:53 EDT" duration-ms="140" status="PASS">
          <reporter-output>
          </reporter-output>
        </test-method> <!-- verifyNewUserLink -->
        <test-method is-config="true" signature="tearDown()[pri:0, instance:com.ots.testcases.LoginTest@77fbd92c]" started-at="2024-07-18T22:35:53 EDT" name="tearDown" finished-at="2024-07-18T22:35:54 EDT" duration-ms="372" status="PASS">
          <reporter-output>
          </reporter-output>
        </test-method> <!-- tearDown -->
      </class> <!-- com.ots.testcases.LoginTest -->
    </test> <!-- Default test -->
  </suite> <!-- Default suite -->
</testng-results>
